Performing C SOURCE FILE Test CMAKE_HAVE_LIBC_PTHREAD failed with the following output:
Change Dir: /home/msorondo/Desktop/1120-20201112T054635Z-001/formateo ubuntu 12-1120/Algo II/laboratorios/6/ejercitacion_templates_corregida/ejercitacion_templates_corregida/cmake-build-debug/CMakeFiles/CMakeTmp

Run Build Command(s):/usr/bin/make cmTC_21c98/fast && /usr/bin/make  -f CMakeFiles/cmTC_21c98.dir/build.make CMakeFiles/cmTC_21c98.dir/build
make[1]: Entering directory '/home/msorondo/Desktop/1120-20201112T054635Z-001/formateo ubuntu 12-1120/Algo II/laboratorios/6/ejercitacion_templates_corregida/ejercitacion_templates_corregida/cmake-build-debug/CMakeFiles/CMakeTmp'
Building C object CMakeFiles/cmTC_21c98.dir/src.c.o
/usr/bin/clang   -DCMAKE_HAVE_LIBC_PTHREAD   -o CMakeFiles/cmTC_21c98.dir/src.c.o   -c "/home/msorondo/Desktop/1120-20201112T054635Z-001/formateo ubuntu 12-1120/Algo II/laboratorios/6/ejercitacion_templates_corregida/ejercitacion_templates_corregida/cmake-build-debug/CMakeFiles/CMakeTmp/src.c"
Linking C executable cmTC_21c98
/snap/clion/129/bin/cmake/linux/bin/cmake -E cmake_link_script CMakeFiles/cmTC_21c98.dir/link.txt --verbose=1
/usr/bin/clang  -DCMAKE_HAVE_LIBC_PTHREAD    -rdynamic CMakeFiles/cmTC_21c98.dir/src.c.o  -o cmTC_21c98 
/usr/bin/ld: CMakeFiles/cmTC_21c98.dir/src.c.o: in function `main':
src.c:(.text+0x35): undefined reference to `pthread_create'
/usr/bin/ld: src.c:(.text+0x41): undefined reference to `pthread_detach'
/usr/bin/ld: src.c:(.text+0x4d): undefined reference to `pthread_cancel'
/usr/bin/ld: src.c:(.text+0x5f): undefined reference to `pthread_join'
clang: error: linker command failed with exit code 1 (use -v to see invocation)
make[1]: *** [CMakeFiles/cmTC_21c98.dir/build.make:107: cmTC_21c98] Error 1
make[1]: Leaving directory '/home/msorondo/Desktop/1120-20201112T054635Z-001/formateo ubuntu 12-1120/Algo II/laboratorios/6/ejercitacion_templates_corregida/ejercitacion_templates_corregida/cmake-build-debug/CMakeFiles/CMakeTmp'
make: *** [Makefile:141: cmTC_21c98/fast] Error 2


Source file was:
#include <pthread.h>

void* test_func(void* data)
{
  return data;
}

int main(void)
{
  pthread_t thread;
  pthread_create(&thread, NULL, test_func, NULL);
  pthread_detach(thread);
  pthread_cancel(thread);
  pthread_join(thread, NULL);
  pthread_atfork(NULL, NULL, NULL);
  pthread_exit(NULL);

  return 0;
}

Determining if the function pthread_create exists in the pthreads failed with the following output:
Change Dir: /home/msorondo/Desktop/1120-20201112T054635Z-001/formateo ubuntu 12-1120/Algo II/laboratorios/6/ejercitacion_templates_corregida/ejercitacion_templates_corregida/cmake-build-debug/CMakeFiles/CMakeTmp

Run Build Command(s):/usr/bin/make cmTC_925e9/fast && /usr/bin/make  -f CMakeFiles/cmTC_925e9.dir/build.make CMakeFiles/cmTC_925e9.dir/build
make[1]: Entering directory '/home/msorondo/Desktop/1120-20201112T054635Z-001/formateo ubuntu 12-1120/Algo II/laboratorios/6/ejercitacion_templates_corregida/ejercitacion_templates_corregida/cmake-build-debug/CMakeFiles/CMakeTmp'
Building C object CMakeFiles/cmTC_925e9.dir/CheckFunctionExists.c.o
/usr/bin/clang   -DCHECK_FUNCTION_EXISTS=pthread_create   -o CMakeFiles/cmTC_925e9.dir/CheckFunctionExists.c.o   -c /snap/clion/129/bin/cmake/linux/share/cmake-3.17/Modules/CheckFunctionExists.c
Linking C executable cmTC_925e9
/snap/clion/129/bin/cmake/linux/bin/cmake -E cmake_link_script CMakeFiles/cmTC_925e9.dir/link.txt --verbose=1
/usr/bin/clang  -DCHECK_FUNCTION_EXISTS=pthread_create    -rdynamic CMakeFiles/cmTC_925e9.dir/CheckFunctionExists.c.o  -o cmTC_925e9  -lpthreads 
/usr/bin/ld: cannot find -lpthreads
clang: error: linker command failed with exit code 1 (use -v to see invocation)
make[1]: *** [CMakeFiles/cmTC_925e9.dir/build.make:107: cmTC_925e9] Error 1
make[1]: Leaving directory '/home/msorondo/Desktop/1120-20201112T054635Z-001/formateo ubuntu 12-1120/Algo II/laboratorios/6/ejercitacion_templates_corregida/ejercitacion_templates_corregida/cmake-build-debug/CMakeFiles/CMakeTmp'
make: *** [Makefile:141: cmTC_925e9/fast] Error 2



